# JRE version: Java(TM) SE Runtime Environment (8.0_191-b12) (build 1.8.0_191-b12)
# Java VM: Java HotSpot(TM) Client VM (25.191-b12 mixed mode windows-x86 )
Heap:
 def new generation   total 61312K, used 24549K [0x04a00000, 0x08c80000, 0x0f4a0000)
  eden space 54528K,  45% used [0x04a00000, 0x061f9598, 0x07f40000)
  from space 6784K,   0% used [0x085e0000, 0x085e0000, 0x08c80000)
  to   space 6784K,   0% used [0x07f40000, 0x07f40000, 0x085e0000)
 tenured generation   total 146544K, used 87925K [0x0f4a0000, 0x183bc000, 0x24a00000)
   the space 146544K,  59% used [0x0f4a0000, 0x14a7d710, 0x14a7d800, 0x183bc000)
 Metaspace       used 22256K, capacity 22763K, committed 22784K, reserved 22912K
GC Heap History (10 events):
Event: 2.376 GC heap before
{Heap before GC invocations=2 (full 0):
 def new generation   total 39296K, used 38709K [0x04a00000, 0x074a0000, 0x0f4a0000)
  eden space 34944K, 100% used [0x04a00000, 0x06c20000, 0x06c20000)
  from space 4352K,  86% used [0x06c20000, 0x06fcd728, 0x07060000)
  to   space 4352K,   0% used [0x07060000, 0x07060000, 0x074a0000)
 tenured generation   total 87424K, used 6145K [0x0f4a0000, 0x14a00000, 0x24a00000)
   the space 87424K,   7% used [0x0f4a0000, 0x0faa0400, 0x0faa0400, 0x14a00000)
 Metaspace       used 11159K, capacity 11394K, committed 11520K, reserved 11648K
Event: 2.479 GC heap after
Heap after GC invocations=3 (full 0):
 def new generation   total 39296K, used 4352K [0x04a00000, 0x074a0000, 0x0f4a0000)
  eden space 34944K,   0% used [0x04a00000, 0x04a00000, 0x06c20000)
  from space 4352K, 100% used [0x07060000, 0x074a0000, 0x074a0000)
  to   space 4352K,   0% used [0x06c20000, 0x06c20000, 0x07060000)
 tenured generation   total 87424K, used 34946K [0x0f4a0000, 0x14a00000, 0x24a00000)
   the space 87424K,  39% used [0x0f4a0000, 0x116c0a80, 0x116c0c00, 0x14a00000)
 Metaspace       used 11159K, capacity 11394K, committed 11520K, reserved 11648K
}
Event: 2.714 GC heap before
{Heap before GC invocations=3 (full 0):
 def new generation   total 39296K, used 39296K [0x04a00000, 0x074a0000, 0x0f4a0000)
  eden space 34944K, 100% used [0x04a00000, 0x06c20000, 0x06c20000)
  from space 4352K, 100% used [0x07060000, 0x074a0000, 0x074a0000)
  to   space 4352K,   0% used [0x06c20000, 0x06c20000, 0x07060000)
 tenured generation   total 87424K, used 34946K [0x0f4a0000, 0x14a00000, 0x24a00000)
   the space 87424K,  39% used [0x0f4a0000, 0x116c0a80, 0x116c0c00, 0x14a00000)
 Metaspace       used 11159K, capacity 11394K, committed 11520K, reserved 11648K
Event: 2.828 GC heap after
Heap after GC invocations=4 (full 0):
 def new generation   total 39296K, used 4352K [0x04a00000, 0x074a0000, 0x0f4a0000)
  eden space 34944K,   0% used [0x04a00000, 0x04a00000, 0x06c20000)
  from space 4352K, 100% used [0x06c20000, 0x07060000, 0x07060000)
  to   space 4352K,   0% used [0x07060000, 0x07060000, 0x074a0000)
 tenured generation   total 87424K, used 68404K [0x0f4a0000, 0x14a00000, 0x24a00000)
   the space 87424K,  78% used [0x0f4a0000, 0x1376d288, 0x1376d400, 0x14a00000)
 Metaspace       used 11159K, capacity 11394K, committed 11520K, reserved 11648K
}
Event: 3.469 GC heap before
{Heap before GC invocations=4 (full 0):
 def new generation   total 39296K, used 20387K [0x04a00000, 0x074a0000, 0x0f4a0000)
  eden space 34944K,  45% used [0x04a00000, 0x059a8e88, 0x06c20000)
  from space 4352K, 100% used [0x06c20000, 0x07060000, 0x07060000)
  to   space 4352K,   0% used [0x07060000, 0x07060000, 0x074a0000)
 tenured generation   total 87424K, used 68404K [0x0f4a0000, 0x14a00000, 0x24a00000)
   the space 87424K,  78% used [0x0f4a0000, 0x1376d288, 0x1376d400, 0x14a00000)
 Metaspace       used 11995K, capacity 12254K, committed 12288K, reserved 12672K
Event: 3.638 GC heap after
Heap after GC invocations=5 (full 1):
 def new generation   total 61312K, used 0K [0x04a00000, 0x08c80000, 0x0f4a0000)
  eden space 54528K,   0% used [0x04a00000, 0x04a00000, 0x07f40000)
  from space 6784K,   0% used [0x07f40000, 0x07f40000, 0x085e0000)
  to   space 6784K,   0% used [0x085e0000, 0x085e0000, 0x08c80000)
 tenured generation   total 136104K, used 81661K [0x0f4a0000, 0x1798a000, 0x24a00000)
   the space 136104K,  59% used [0x0f4a0000, 0x1445f418, 0x1445f600, 0x1798a000)
 Metaspace       used 11995K, capacity 12254K, committed 12288K, reserved 12672K
}
Event: 5.678 GC heap before
{Heap before GC invocations=5 (full 1):
 def new generation   total 61312K, used 54528K [0x04a00000, 0x08c80000, 0x0f4a0000)
  eden space 54528K, 100% used [0x04a00000, 0x07f40000, 0x07f40000)
  from space 6784K,   0% used [0x07f40000, 0x07f40000, 0x085e0000)
  to   space 6784K,   0% used [0x085e0000, 0x085e0000, 0x08c80000)
 tenured generation   total 136104K, used 81661K [0x0f4a0000, 0x1798a000, 0x24a00000)
   the space 136104K,  59% used [0x0f4a0000, 0x1445f418, 0x1445f600, 0x1798a000)
 Metaspace       used 17723K, capacity 18163K, committed 18176K, reserved 18816K
Event: 5.713 GC heap after
Heap after GC invocations=6 (full 1):
 def new generation   total 61312K, used 6784K [0x04a00000, 0x08c80000, 0x0f4a0000)
  eden space 54528K,   0% used [0x04a00000, 0x04a00000, 0x07f40000)
  from space 6784K, 100% used [0x085e0000, 0x08c80000, 0x08c80000)
  to   space 6784K,   0% used [0x07f40000, 0x07f40000, 0x085e0000)
 tenured generation   total 136104K, used 82308K [0x0f4a0000, 0x1798a000, 0x24a00000)
   the space 136104K,  60% used [0x0f4a0000, 0x145013f0, 0x14501400, 0x1798a000)
 Metaspace       used 17723K, capacity 18163K, committed 18176K, reserved 18816K
}
Event: 6.135 GC heap before
{Heap before GC invocations=6 (full 1):
 def new generation   total 61312K, used 22290K [0x04a00000, 0x08c80000, 0x0f4a0000)
  eden space 54528K,  28% used [0x04a00000, 0x05924b00, 0x07f40000)
  from space 6784K, 100% used [0x085e0000, 0x08c80000, 0x08c80000)
  to   space 6784K,   0% used [0x07f40000, 0x07f40000, 0x085e0000)
 tenured generation   total 136104K, used 82308K [0x0f4a0000, 0x1798a000, 0x24a00000)
   the space 136104K,  60% used [0x0f4a0000, 0x145013f0, 0x14501400, 0x1798a000)
 Metaspace       used 20008K, capacity 20453K, committed 20480K, reserved 20864K
Event: 6.362 GC heap after
Heap after GC invocations=7 (full 2):
 def new generation   total 61312K, used 0K [0x04a00000, 0x08c80000, 0x0f4a0000)
  eden space 54528K,   0% used [0x04a00000, 0x04a00000, 0x07f40000)
  from space 6784K,   0% used [0x085e0000, 0x085e0000, 0x08c80000)
  to   space 6784K,   0% used [0x07f40000, 0x07f40000, 0x085e0000)
 tenured generation   total 146544K, used 87925K [0x0f4a0000, 0x183bc000, 0x24a00000)
   the space 146544K,  59% used [0x0f4a0000, 0x14a7d710, 0x14a7d800, 0x183bc000)
 Metaspace       used 20008K, capacity 20453K, committed 20480K, reserved 20864K
}

