# JRE version: Java(TM) SE Runtime Environment (8.0_191-b12) (build 1.8.0_191-b12)
# Java VM: Java HotSpot(TM) Client VM (25.191-b12 mixed mode windows-x86 )
Heap:
 def new generation   total 65856K, used 57701K [0x04600000, 0x08d70000, 0x0f0a0000)
  eden space 58560K,  98% used [0x04600000, 0x07e597a8, 0x07f30000)
  from space 7296K,   0% used [0x07f30000, 0x07f30000, 0x08650000)
  to   space 7296K,   0% used [0x08650000, 0x08650000, 0x08d70000)
 tenured generation   total 146160K, used 87694K [0x0f0a0000, 0x17f5c000, 0x24600000)
   the space 146160K,  59% used [0x0f0a0000, 0x14643ba8, 0x14643c00, 0x17f5c000)
 Metaspace       used 23721K, capacity 24229K, committed 24320K, reserved 24960K
GC Heap History (10 events):
Event: 2.624 GC heap before
{Heap before GC invocations=2 (full 0):
 def new generation   total 39296K, used 38707K [0x04600000, 0x070a0000, 0x0f0a0000)
  eden space 34944K, 100% used [0x04600000, 0x06820000, 0x06820000)
  from space 4352K,  86% used [0x06820000, 0x06bccc98, 0x06c60000)
  to   space 4352K,   0% used [0x06c60000, 0x06c60000, 0x070a0000)
 tenured generation   total 87424K, used 6146K [0x0f0a0000, 0x14600000, 0x24600000)
   the space 87424K,   7% used [0x0f0a0000, 0x0f6a0b78, 0x0f6a0c00, 0x14600000)
 Metaspace       used 11159K, capacity 11394K, committed 11520K, reserved 11648K
Event: 2.716 GC heap after
Heap after GC invocations=3 (full 0):
 def new generation   total 39296K, used 4352K [0x04600000, 0x070a0000, 0x0f0a0000)
  eden space 34944K,   0% used [0x04600000, 0x04600000, 0x06820000)
  from space 4352K, 100% used [0x06c60000, 0x070a0000, 0x070a0000)
  to   space 4352K,   0% used [0x06820000, 0x06820000, 0x06c60000)
 tenured generation   total 87424K, used 34961K [0x0f0a0000, 0x14600000, 0x24600000)
   the space 87424K,  39% used [0x0f0a0000, 0x112c4668, 0x112c4800, 0x14600000)
 Metaspace       used 11159K, capacity 11394K, committed 11520K, reserved 11648K
}
Event: 2.967 GC heap before
{Heap before GC invocations=3 (full 0):
 def new generation   total 39296K, used 39296K [0x04600000, 0x070a0000, 0x0f0a0000)
  eden space 34944K, 100% used [0x04600000, 0x06820000, 0x06820000)
  from space 4352K, 100% used [0x06c60000, 0x070a0000, 0x070a0000)
  to   space 4352K,   0% used [0x06820000, 0x06820000, 0x06c60000)
 tenured generation   total 87424K, used 34961K [0x0f0a0000, 0x14600000, 0x24600000)
   the space 87424K,  39% used [0x0f0a0000, 0x112c4668, 0x112c4800, 0x14600000)
 Metaspace       used 11159K, capacity 11394K, committed 11520K, reserved 11648K
Event: 3.069 GC heap after
Heap after GC invocations=4 (full 0):
 def new generation   total 39296K, used 4351K [0x04600000, 0x070a0000, 0x0f0a0000)
  eden space 34944K,   0% used [0x04600000, 0x04600000, 0x06820000)
  from space 4352K,  99% used [0x06820000, 0x06c5fff8, 0x06c60000)
  to   space 4352K,   0% used [0x06c60000, 0x06c60000, 0x070a0000)
 tenured generation   total 87424K, used 68423K [0x0f0a0000, 0x14600000, 0x24600000)
   the space 87424K,  78% used [0x0f0a0000, 0x13371d40, 0x13371e00, 0x14600000)
 Metaspace       used 11159K, capacity 11394K, committed 11520K, reserved 11648K
}
Event: 3.768 GC heap before
{Heap before GC invocations=4 (full 0):
 def new generation   total 39296K, used 20417K [0x04600000, 0x070a0000, 0x0f0a0000)
  eden space 34944K,  45% used [0x04600000, 0x055b04f0, 0x06820000)
  from space 4352K,  99% used [0x06820000, 0x06c5fff8, 0x06c60000)
  to   space 4352K,   0% used [0x06c60000, 0x06c60000, 0x070a0000)
 tenured generation   total 87424K, used 68423K [0x0f0a0000, 0x14600000, 0x24600000)
   the space 87424K,  78% used [0x0f0a0000, 0x13371d40, 0x13371e00, 0x14600000)
 Metaspace       used 11995K, capacity 12254K, committed 12288K, reserved 12672K
Event: 3.918 GC heap after
Heap after GC invocations=5 (full 1):
 def new generation   total 61312K, used 0K [0x04600000, 0x08880000, 0x0f0a0000)
  eden space 54528K,   0% used [0x04600000, 0x04600000, 0x07b40000)
  from space 6784K,   0% used [0x07b40000, 0x07b40000, 0x081e0000)
  to   space 6784K,   0% used [0x081e0000, 0x081e0000, 0x08880000)
 tenured generation   total 136112K, used 81665K [0x0f0a0000, 0x1758c000, 0x24600000)
   the space 136112K,  59% used [0x0f0a0000, 0x140605b8, 0x14060600, 0x1758c000)
 Metaspace       used 11995K, capacity 12254K, committed 12288K, reserved 12672K
}
Event: 6.749 GC heap before
{Heap before GC invocations=5 (full 1):
 def new generation   total 61312K, used 54528K [0x04600000, 0x08880000, 0x0f0a0000)
  eden space 54528K, 100% used [0x04600000, 0x07b40000, 0x07b40000)
  from space 6784K,   0% used [0x07b40000, 0x07b40000, 0x081e0000)
  to   space 6784K,   0% used [0x081e0000, 0x081e0000, 0x08880000)
 tenured generation   total 136112K, used 81665K [0x0f0a0000, 0x1758c000, 0x24600000)
   the space 136112K,  59% used [0x0f0a0000, 0x140605b8, 0x14060600, 0x1758c000)
 Metaspace       used 17784K, capacity 18191K, committed 18304K, reserved 18816K
Event: 6.779 GC heap after
Heap after GC invocations=6 (full 1):
 def new generation   total 61312K, used 6784K [0x04600000, 0x08880000, 0x0f0a0000)
  eden space 54528K,   0% used [0x04600000, 0x04600000, 0x07b40000)
  from space 6784K, 100% used [0x081e0000, 0x08880000, 0x08880000)
  to   space 6784K,   0% used [0x07b40000, 0x07b40000, 0x081e0000)
 tenured generation   total 136112K, used 82376K [0x0f0a0000, 0x1758c000, 0x24600000)
   the space 136112K,  60% used [0x0f0a0000, 0x14112298, 0x14112400, 0x1758c000)
 Metaspace       used 17784K, capacity 18191K, committed 18304K, reserved 18816K
}
Event: 7.289 GC heap before
{Heap before GC invocations=6 (full 1):
 def new generation   total 61312K, used 20251K [0x04600000, 0x08880000, 0x0f0a0000)
  eden space 54528K,  24% used [0x04600000, 0x05326f20, 0x07b40000)
  from space 6784K, 100% used [0x081e0000, 0x08880000, 0x08880000)
  to   space 6784K,   0% used [0x07b40000, 0x07b40000, 0x081e0000)
 tenured generation   total 136112K, used 82376K [0x0f0a0000, 0x1758c000, 0x24600000)
   the space 136112K,  60% used [0x0f0a0000, 0x14112298, 0x14112400, 0x1758c000)
 Metaspace       used 20035K, capacity 20456K, committed 20480K, reserved 20864K
Event: 7.503 GC heap after
Heap after GC invocations=7 (full 2):
 def new generation   total 65856K, used 0K [0x04600000, 0x08d70000, 0x0f0a0000)
  eden space 58560K,   0% used [0x04600000, 0x04600000, 0x07f30000)
  from space 7296K,   0% used [0x07f30000, 0x07f30000, 0x08650000)
  to   space 7296K,   0% used [0x08650000, 0x08650000, 0x08d70000)
 tenured generation   total 146160K, used 87694K [0x0f0a0000, 0x17f5c000, 0x24600000)
   the space 146160K,  59% used [0x0f0a0000, 0x14643ba8, 0x14643c00, 0x17f5c000)
 Metaspace       used 20035K, capacity 20456K, committed 20480K, reserved 20864K
}

